#
# There is insufficient memory for the Java Runtime Environment to continue.
# Native memory allocation (malloc) failed to allocate 716177408 bytes for committing reserved memory.
# Possible reasons:
#   The system is out of physical RAM or swap space
#   In 32 bit mode, the process size limit was hit
# Possible solutions:
#   Reduce memory load on the system
#   Increase physical memory or swap space
#   Check if swap backing store is full
#   Use 64 bit Java on a 64 bit OS
#   Decrease Java heap size (-Xmx/-Xms)
#   Decrease number of Java threads
#   Decrease Java thread stack sizes (-Xss)
#   Set larger code cache with -XX:ReservedCodeCacheSize=
# This output file may be truncated or incomplete.
#
#  Out of Memory Error (os_linux.cpp:2718), pid=16716, tid=140379097933568
#
# JRE version:  (7.0_40-b43) (build )
# Java VM: Java HotSpot(TM) 64-Bit Server VM (24.0-b56 mixed mode linux-amd64 compressed oops)
# Failed to write core dump. Core dumps have been disabled. To enable core dumping, try "ulimit -c unlimited" before starting Java again
#

---------------  T H R E A D  ---------------

Current thread (0x00007fac88009800):  JavaThread "Unknown thread" [_thread_in_vm, id=16717, stack(0x00007fac8e342000,0x00007fac8e443000)]

Stack: [0x00007fac8e342000,0x00007fac8e443000],  sp=0x00007fac8e4411a0,  free space=1020k
Native frames: (J=compiled Java code, j=interpreted, Vv=VM code, C=native code)
V  [libjvm.so+0x99242a]  VMError::report_and_die()+0x2ea
V  [libjvm.so+0x49316b]  report_vm_out_of_memory(char const*, int, unsigned long, char const*)+0x9b
V  [libjvm.so+0x8128de]  os::Linux::commit_memory_impl(char*, unsigned long, bool)+0xfe
V  [libjvm.so+0x812d8f]  os::Linux::commit_memory_impl(char*, unsigned long, unsigned long, bool)+0x4f
V  [libjvm.so+0x812f4c]  os::pd_commit_memory(char*, unsigned long, unsigned long, bool)+0xc
V  [libjvm.so+0x80d03a]  os::commit_memory(char*, unsigned long, unsigned long, bool)+0x2a
V  [libjvm.so+0x87f203]  PSVirtualSpace::expand_by(unsigned long)+0x53
V  [libjvm.so+0x86e023]  PSOldGen::initialize(ReservedSpace, unsigned long, char const*, int)+0x103
V  [libjvm.so+0x299013]  AdjoiningGenerations::AdjoiningGenerations(ReservedSpace, unsigned long, unsigned long, unsigned long, unsigned long, unsigned long, unsigned long, unsigned long)+0x3e3
V  [libjvm.so+0x833710]  ParallelScavengeHeap::initialize()+0x550
V  [libjvm.so+0x9659fa]  Universe::initialize_heap()+0xca
V  [libjvm.so+0x966bc9]  universe_init()+0x79
V  [libjvm.so+0x5a95c5]  init_globals()+0x65
V  [libjvm.so+0x94e4bd]  Threads::create_vm(JavaVMInitArgs*, bool*)+0x1ed
V  [libjvm.so+0x630004]  JNI_CreateJavaVM+0x74
C  [libjli.so+0x2f8e]  JavaMain+0x9e


---------------  P R O C E S S  ---------------

Java Threads: ( => current thread )

Other Threads:

=>0x00007fac88009800 (exited) JavaThread "Unknown thread" [_thread_in_vm, id=16717, stack(0x00007fac8e342000,0x00007fac8e443000)]

VM state:not at safepoint (not fully initialized)

VM Mutex/Monitor currently owned by a thread: None

GC Heap History (0 events):
No events

Deoptimization events (0 events):
No events

Internal exceptions (0 events):
No events

Events (0 events):
No events


Dynamic libraries:
00400000-00401000 r-xp 00000000 08:01 3541742                            /usr/lib/jvm/java-7-oracle/bin/java
00600000-00601000 rw-p 00000000 08:01 3541742                            /usr/lib/jvm/java-7-oracle/bin/java
016fa000-0171b000 rw-p 00000000 00:00 0                                  [heap]
aff80000-bff80000 rw-p 00000000 00:00 0 
eaa80000-100000000 rw-p 00000000 00:00 0 
7fac7eee3000-7fac7f128000 rw-p 00000000 00:00 0 
7fac7f128000-7fac7f2fd000 rw-p 00000000 00:00 0 
7fac7f2fd000-7fac7f3b3000 rw-p 00000000 00:00 0 
7fac7f3b3000-7fac7f5a9000 rw-p 00000000 00:00 0 
7fac7f5a9000-7fac7f819000 rwxp 00000000 00:00 0 
7fac7f819000-7fac875a9000 rw-p 00000000 00:00 0 
7fac875a9000-7fac875c3000 r-xp 00000000 08:01 1856637                    /usr/lib/jvm/java-7-oracle/jre/lib/amd64/libzip.so
7fac875c3000-7fac877c3000 ---p 0001a000 08:01 1856637                    /usr/lib/jvm/java-7-oracle/jre/lib/amd64/libzip.so
7fac877c3000-7fac877c4000 rw-p 0001a000 08:01 1856637                    /usr/lib/jvm/java-7-oracle/jre/lib/amd64/libzip.so
7fac877c4000-7fac877d0000 r-xp 00000000 08:01 1704303                    /lib/x86_64-linux-gnu/libnss_files-2.17.so
7fac877d0000-7fac879cf000 ---p 0000c000 08:01 1704303                    /lib/x86_64-linux-gnu/libnss_files-2.17.so
7fac879cf000-7fac879d0000 r--p 0000b000 08:01 1704303                    /lib/x86_64-linux-gnu/libnss_files-2.17.so
7fac879d0000-7fac879d1000 rw-p 0000c000 08:01 1704303                    /lib/x86_64-linux-gnu/libnss_files-2.17.so
7fac879d1000-7fac879dc000 r-xp 00000000 08:01 1704297                    /lib/x86_64-linux-gnu/libnss_nis-2.17.so
7fac879dc000-7fac87bdb000 ---p 0000b000 08:01 1704297                    /lib/x86_64-linux-gnu/libnss_nis-2.17.so
7fac87bdb000-7fac87bdc000 r--p 0000a000 08:01 1704297                    /lib/x86_64-linux-gnu/libnss_nis-2.17.so
7fac87bdc000-7fac87bdd000 rw-p 0000b000 08:01 1704297                    /lib/x86_64-linux-gnu/libnss_nis-2.17.so
7fac87bdd000-7fac87bf4000 r-xp 00000000 08:01 1704267                    /lib/x86_64-linux-gnu/libnsl-2.17.so
7fac87bf4000-7fac87df3000 ---p 00017000 08:01 1704267                    /lib/x86_64-linux-gnu/libnsl-2.17.so
7fac87df3000-7fac87df4000 r--p 00016000 08:01 1704267                    /lib/x86_64-linux-gnu/libnsl-2.17.so
7fac87df4000-7fac87df5000 rw-p 00017000 08:01 1704267                    /lib/x86_64-linux-gnu/libnsl-2.17.so
7fac87df5000-7fac87df7000 rw-p 00000000 00:00 0 
7fac87df7000-7fac87dff000 r-xp 00000000 08:01 1704287                    /lib/x86_64-linux-gnu/libnss_compat-2.17.so
7fac87dff000-7fac87ffe000 ---p 00008000 08:01 1704287                    /lib/x86_64-linux-gnu/libnss_compat-2.17.so
7fac87ffe000-7fac87fff000 r--p 00007000 08:01 1704287                    /lib/x86_64-linux-gnu/libnss_compat-2.17.so
7fac87fff000-7fac88000000 rw-p 00008000 08:01 1704287                    /lib/x86_64-linux-gnu/libnss_compat-2.17.so
7fac88000000-7fac88025000 rw-p 00000000 00:00 0 
7fac88025000-7fac8c000000 ---p 00000000 00:00 0 
7fac8c09d000-7fac8c0c6000 r-xp 00000000 08:01 1856651                    /usr/lib/jvm/java-7-oracle/jre/lib/amd64/libjava.so
7fac8c0c6000-7fac8c2c6000 ---p 00029000 08:01 1856651                    /usr/lib/jvm/java-7-oracle/jre/lib/amd64/libjava.so
7fac8c2c6000-7fac8c2c8000 rw-p 00029000 08:01 1856651                    /usr/lib/jvm/java-7-oracle/jre/lib/amd64/libjava.so
7fac8c2c8000-7fac8c2d5000 r-xp 00000000 08:01 1856634                    /usr/lib/jvm/java-7-oracle/jre/lib/amd64/libverify.so
7fac8c2d5000-7fac8c4d4000 ---p 0000d000 08:01 1856634                    /usr/lib/jvm/java-7-oracle/jre/lib/amd64/libverify.so
7fac8c4d4000-7fac8c4d6000 rw-p 0000c000 08:01 1856634                    /usr/lib/jvm/java-7-oracle/jre/lib/amd64/libverify.so
7fac8c4d6000-7fac8c4dd000 r-xp 00000000 08:01 1704261                    /lib/x86_64-linux-gnu/librt-2.17.so
7fac8c4dd000-7fac8c6dc000 ---p 00007000 08:01 1704261                    /lib/x86_64-linux-gnu/librt-2.17.so
7fac8c6dc000-7fac8c6dd000 r--p 00006000 08:01 1704261                    /lib/x86_64-linux-gnu/librt-2.17.so
7fac8c6dd000-7fac8c6de000 rw-p 00007000 08:01 1704261                    /lib/x86_64-linux-gnu/librt-2.17.so
7fac8c6de000-7fac8c7e1000 r-xp 00000000 08:01 1704293                    /lib/x86_64-linux-gnu/libm-2.17.so
7fac8c7e1000-7fac8c9e1000 ---p 00103000 08:01 1704293                    /lib/x86_64-linux-gnu/libm-2.17.so
7fac8c9e1000-7fac8c9e2000 r--p 00103000 08:01 1704293                    /lib/x86_64-linux-gnu/libm-2.17.so
7fac8c9e2000-7fac8c9e3000 rw-p 00104000 08:01 1704293                    /lib/x86_64-linux-gnu/libm-2.17.so
7fac8c9e3000-7fac8d545000 r-xp 00000000 08:01 1856615                    /usr/lib/jvm/java-7-oracle/jre/lib/amd64/server/libjvm.so
7fac8d545000-7fac8d745000 ---p 00b62000 08:01 1856615                    /usr/lib/jvm/java-7-oracle/jre/lib/amd64/server/libjvm.so
7fac8d745000-7fac8d808000 rw-p 00b62000 08:01 1856615                    /usr/lib/jvm/java-7-oracle/jre/lib/amd64/server/libjvm.so
7fac8d808000-7fac8d849000 rw-p 00000000 00:00 0 
7fac8d849000-7fac8da07000 r-xp 00000000 08:01 1704281                    /lib/x86_64-linux-gnu/libc-2.17.so
7fac8da07000-7fac8dc06000 ---p 001be000 08:01 1704281                    /lib/x86_64-linux-gnu/libc-2.17.so
7fac8dc06000-7fac8dc0a000 r--p 001bd000 08:01 1704281                    /lib/x86_64-linux-gnu/libc-2.17.so
7fac8dc0a000-7fac8dc0c000 rw-p 001c1000 08:01 1704281                    /lib/x86_64-linux-gnu/libc-2.17.so
7fac8dc0c000-7fac8dc11000 rw-p 00000000 00:00 0 
7fac8dc11000-7fac8dc14000 r-xp 00000000 08:01 1704283                    /lib/x86_64-linux-gnu/libdl-2.17.so
7fac8dc14000-7fac8de13000 ---p 00003000 08:01 1704283                    /lib/x86_64-linux-gnu/libdl-2.17.so
7fac8de13000-7fac8de14000 r--p 00002000 08:01 1704283                    /lib/x86_64-linux-gnu/libdl-2.17.so
7fac8de14000-7fac8de15000 rw-p 00003000 08:01 1704283                    /lib/x86_64-linux-gnu/libdl-2.17.so
7fac8de15000-7fac8de2b000 r-xp 00000000 08:01 1856623                    /usr/lib/jvm/java-7-oracle/jre/lib/amd64/jli/libjli.so
7fac8de2b000-7fac8e02b000 ---p 00016000 08:01 1856623                    /usr/lib/jvm/java-7-oracle/jre/lib/amd64/jli/libjli.so
7fac8e02b000-7fac8e02c000 rw-p 00016000 08:01 1856623                    /usr/lib/jvm/java-7-oracle/jre/lib/amd64/jli/libjli.so
7fac8e02c000-7fac8e044000 r-xp 00000000 08:01 1704291                    /lib/x86_64-linux-gnu/libpthread-2.17.so
7fac8e044000-7fac8e243000 ---p 00018000 08:01 1704291                    /lib/x86_64-linux-gnu/libpthread-2.17.so
7fac8e243000-7fac8e244000 r--p 00017000 08:01 1704291                    /lib/x86_64-linux-gnu/libpthread-2.17.so
7fac8e244000-7fac8e245000 rw-p 00018000 08:01 1704291                    /lib/x86_64-linux-gnu/libpthread-2.17.so
7fac8e245000-7fac8e249000 rw-p 00000000 00:00 0 
7fac8e249000-7fac8e26c000 r-xp 00000000 08:01 1704273                    /lib/x86_64-linux-gnu/ld-2.17.so
7fac8e342000-7fac8e345000 ---p 00000000 00:00 0 
7fac8e345000-7fac8e447000 rw-p 00000000 00:00 0                          [stack:16717]
7fac8e45d000-7fac8e45f000 rw-p 00000000 00:00 0 
7fac8e45f000-7fac8e467000 rw-s 00000000 08:01 1579227                    /tmp/hsperfdata_mslinn/16716
7fac8e467000-7fac8e468000 rw-p 00000000 00:00 0 
7fac8e468000-7fac8e469000 r--p 00000000 00:00 0 
7fac8e469000-7fac8e46b000 rw-p 00000000 00:00 0 
7fac8e46b000-7fac8e46c000 r--p 00022000 08:01 1704273                    /lib/x86_64-linux-gnu/ld-2.17.so
7fac8e46c000-7fac8e46e000 rw-p 00023000 08:01 1704273                    /lib/x86_64-linux-gnu/ld-2.17.so
7fff59b55000-7fff59b77000 rw-p 00000000 00:00 0                          [stack]
7fff59bab000-7fff59bad000 r-xp 00000000 00:00 0                          [vdso]
ffffffffff600000-ffffffffff601000 r-xp 00000000 00:00 0                  [vsyscall]

VM Arguments:
jvm_args: -Xms1024m -Xmx1024m -XX:MaxPermSize=256m -XX:ReservedCodeCacheSize=128m 
java_command: /usr/share/sbt/bin/sbt-launch.jar gen-idea
Launcher Type: SUN_STANDARD

Environment Variables:
JAVA_HOME=/usr/lib/jvm/java-7-oracle
PATH=./:./bin:/home/mslinn/bin:/usr/lib/jvm/java-7-oracle/bin:/opt/scala-2.10.2/bin:./:./bin:/home/mslinn/bin:/usr/local/sbin:/usr/local/bin:/usr/sbin:/usr/bin:/sbin:/bin:/usr/games:/usr/local/games:/opt/apache-jmeter-2.9/bin:/usr/local/heroku/bin:/opt/apache-jmeter-2.9/bin
USERNAME=mslinn
SHELL=/bin/bash
DISPLAY=:0.0

Signal Handlers:
SIGSEGV: [libjvm.so+0x992d50], sa_mask[0]=0x7ffbfeff, sa_flags=0x10000004
SIGBUS: [libjvm.so+0x992d50], sa_mask[0]=0x7ffbfeff, sa_flags=0x10000004
SIGFPE: [libjvm.so+0x80fb00], sa_mask[0]=0x7ffbfeff, sa_flags=0x10000004
SIGPIPE: [libjvm.so+0x80fb00], sa_mask[0]=0x7ffbfeff, sa_flags=0x10000004
SIGXFSZ: [libjvm.so+0x80fb00], sa_mask[0]=0x7ffbfeff, sa_flags=0x10000004
SIGILL: [libjvm.so+0x80fb00], sa_mask[0]=0x7ffbfeff, sa_flags=0x10000004
SIGUSR1: SIG_DFL, sa_mask[0]=0x00000000, sa_flags=0x00000000
SIGUSR2: [libjvm.so+0x810ff0], sa_mask[0]=0x00000000, sa_flags=0x10000004
SIGHUP: SIG_DFL, sa_mask[0]=0x00000000, sa_flags=0x00000000
SIGINT: SIG_DFL, sa_mask[0]=0x00000000, sa_flags=0x00000000
SIGTERM: SIG_DFL, sa_mask[0]=0x00000000, sa_flags=0x00000000
SIGQUIT: SIG_DFL, sa_mask[0]=0x00000000, sa_flags=0x00000000


---------------  S Y S T E M  ---------------

OS:wheezy/sid

uname:Linux 3.8.0-30-generic #44-Ubuntu SMP Thu Aug 22 20:52:24 UTC 2013 x86_64
libc:glibc 2.17 NPTL 2.17 
rlimit: STACK 8192k, CORE 0k, NPROC 33748, NOFILE 4096, AS infinity
load average:0.74 0.67 0.41

/proc/meminfo:
MemTotal:        4338844 kB
MemFree:          305780 kB
Buffers:           25356 kB
Cached:           431960 kB
SwapCached:            0 kB
Active:          3550596 kB
Inactive:         252800 kB
Active(anon):    3354148 kB
Inactive(anon):    20672 kB
Active(file):     196448 kB
Inactive(file):   232128 kB
Unevictable:        7348 kB
Mlocked:            7348 kB
SwapTotal:             0 kB
SwapFree:              0 kB
Dirty:              8408 kB
Writeback:             0 kB
AnonPages:       3354104 kB
Mapped:           110512 kB
Shmem:             24724 kB
Slab:              89664 kB
SReclaimable:      45908 kB
SUnreclaim:        43756 kB
KernelStack:        6608 kB
PageTables:        46780 kB
NFS_Unstable:          0 kB
Bounce:                0 kB
WritebackTmp:          0 kB
CommitLimit:     2169420 kB
Committed_AS:    7773632 kB
VmallocTotal:   34359738367 kB
VmallocUsed:      302580 kB
VmallocChunk:   34359417076 kB
HardwareCorrupted:     0 kB
AnonHugePages:         0 kB
HugePages_Total:       0
HugePages_Free:        0
HugePages_Rsvd:        0
HugePages_Surp:        0
Hugepagesize:       2048 kB
DirectMap4k:       81920 kB
DirectMap2M:     4411392 kB


CPU:total 8 (2 cores per cpu, 1 threads per core) family 6 model 42 stepping 7, cmov, cx8, fxsr, mmx, sse, sse2, sse3, ssse3, sse4.1, sse4.2, popcnt, avx, aes, tsc, tscinvbit

/proc/cpuinfo:
processor	: 0
vendor_id	: GenuineIntel
cpu family	: 6
model		: 42
model name	: Intel(R) Core(TM) i7-2670QM CPU @ 2.20GHz
stepping	: 7
microcode	: 0x25
cpu MHz		: 2195.139
cache size	: 6144 KB
physical id	: 0
siblings	: 2
core id		: 0
cpu cores	: 2
apicid		: 0
initial apicid	: 0
fpu		: yes
fpu_exception	: yes
cpuid level	: 13
wp		: yes
flags		: fpu vme de pse tsc msr pae mce cx8 apic sep mtrr pge mca cmov pat pse36 clflush dts acpi mmx fxsr sse sse2 ss ht syscall nx rdtscp lm constant_tsc arch_perfmon pebs bts nopl xtopology tsc_reliable nonstop_tsc aperfmperf eagerfpu pni pclmulqdq vmx ssse3 cx16 sse4_1 sse4_2 popcnt aes xsave avx hypervisor lahf_lm ida arat epb xsaveopt pln pts dtherm tpr_shadow vnmi ept vpid
bogomips	: 4390.27
clflush size	: 64
cache_alignment	: 64
address sizes	: 40 bits physical, 48 bits virtual
power management:

processor	: 1
vendor_id	: GenuineIntel
cpu family	: 6
model		: 42
model name	: Intel(R) Core(TM) i7-2670QM CPU @ 2.20GHz
stepping	: 7
microcode	: 0x25
cpu MHz		: 2195.139
cache size	: 6144 KB
physical id	: 0
siblings	: 2
core id		: 1
cpu cores	: 2
apicid		: 1
initial apicid	: 1
fpu		: yes
fpu_exception	: yes
cpuid level	: 13
wp		: yes
flags		: fpu vme de pse tsc msr pae mce cx8 apic sep mtrr pge mca cmov pat pse36 clflush dts acpi mmx fxsr sse sse2 ss ht syscall nx rdtscp lm constant_tsc arch_perfmon pebs bts nopl xtopology tsc_reliable nonstop_tsc aperfmperf eagerfpu pni pclmulqdq vmx ssse3 cx16 sse4_1 sse4_2 popcnt aes xsave avx hypervisor lahf_lm ida arat epb xsaveopt pln pts dtherm tpr_shadow vnmi ept vpid
bogomips	: 4390.27
clflush size	: 64
cache_alignment	: 64
address sizes	: 40 bits physical, 48 bits virtual
power management:

processor	: 2
vendor_id	: GenuineIntel
cpu family	: 6
model		: 42
model name	: Intel(R) Core(TM) i7-2670QM CPU @ 2.20GHz
stepping	: 7
microcode	: 0x25
cpu MHz		: 2195.139
cache size	: 6144 KB
physical id	: 1
siblings	: 2
core id		: 0
cpu cores	: 2
apicid		: 2
initial apicid	: 2
fpu		: yes
fpu_exception	: yes
cpuid level	: 13
wp		: yes
flags		: fpu vme de pse tsc msr pae mce cx8 apic sep mtrr pge mca cmov pat pse36 clflush dts acpi mmx fxsr sse sse2 ss ht syscall nx rdtscp lm constant_tsc arch_perfmon pebs bts nopl xtopology tsc_reliable nonstop_tsc aperfmperf eagerfpu pni pclmulqdq vmx ssse3 cx16 sse4_1 sse4_2 popcnt aes xsave avx hypervisor lahf_lm ida arat epb xsaveopt pln pts dtherm tpr_shadow vnmi ept vpid
bogomips	: 4390.27
clflush size	: 64
cache_alignment	: 64
address sizes	: 40 bits physical, 48 bits virtual
power management:

processor	: 3
vendor_id	: GenuineIntel
cpu family	: 6
model		: 42
model name	: Intel(R) Core(TM) i7-2670QM CPU @ 2.20GHz
stepping	: 7
microcode	: 0x25
cpu MHz		: 2195.139
cache size	: 6144 KB
physical id	: 1
siblings	: 2
core id		: 1
cpu cores	: 2
apicid		: 3
initial apicid	: 3
fpu		: yes
fpu_exception	: yes
cpuid level	: 13
wp		: yes
flags		: fpu vme de pse tsc msr pae mce cx8 apic sep mtrr pge mca cmov pat pse36 clflush dts acpi mmx fxsr sse sse2 ss ht syscall nx rdtscp lm constant_tsc arch_perfmon pebs bts nopl xtopology tsc_reliable nonstop_tsc aperfmperf eagerfpu pni pclmulqdq vmx ssse3 cx16 sse4_1 sse4_2 popcnt aes xsave avx hypervisor lahf_lm ida arat epb xsaveopt pln pts dtherm tpr_shadow vnmi ept vpid
bogomips	: 4390.27
clflush size	: 64
cache_alignment	: 64
address sizes	: 40 bits physical, 48 bits virtual
power management:

processor	: 4
vendor_id	: GenuineIntel
cpu family	: 6
model		: 42
model name	: Intel(R) Core(TM) i7-2670QM CPU @ 2.20GHz
stepping	: 7
microcode	: 0x25
cpu MHz		: 2195.139
cache size	: 6144 KB
physical id	: 2
siblings	: 2
core id		: 0
cpu cores	: 2
apicid		: 4
initial apicid	: 4
fpu		: yes
fpu_exception	: yes
cpuid level	: 13
wp		: yes
flags		: fpu vme de pse tsc msr pae mce cx8 apic sep mtrr pge mca cmov pat pse36 clflush dts acpi mmx fxsr sse sse2 ss ht syscall nx rdtscp lm constant_tsc arch_perfmon pebs bts nopl xtopology tsc_reliable nonstop_tsc aperfmperf eagerfpu pni pclmulqdq vmx ssse3 cx16 sse4_1 sse4_2 popcnt aes xsave avx hypervisor lahf_lm ida arat epb xsaveopt pln pts dtherm tpr_shadow vnmi ept vpid
bogomips	: 4390.27
clflush size	: 64
cache_alignment	: 64
address sizes	: 40 bits physical, 48 bits virtual
power management:

processor	: 5
vendor_id	: GenuineIntel
cpu family	: 6
model		: 42
model name	: Intel(R) Core(TM) i7-2670QM CPU @ 2.20GHz
stepping	: 7
microcode	: 0x25
cpu MHz		: 2195.139
cache size	: 6144 KB
physical id	: 2
siblings	: 2
core id		: 1
cpu cores	: 2
apicid		: 5
initial apicid	: 5
fpu		: yes
fpu_exception	: yes
cpuid level	: 13
wp		: yes
flags		: fpu vme de pse tsc msr pae mce cx8 apic sep mtrr pge mca cmov pat pse36 clflush dts acpi mmx fxsr sse sse2 ss ht syscall nx rdtscp lm constant_tsc arch_perfmon pebs bts nopl xtopology tsc_reliable nonstop_tsc aperfmperf eagerfpu pni pclmulqdq vmx ssse3 cx16 sse4_1 sse4_2 popcnt aes xsave avx hypervisor lahf_lm ida arat epb xsaveopt pln pts dtherm tpr_shadow vnmi ept vpid
bogomips	: 4390.27
clflush size	: 64
cache_alignment	: 64
address sizes	: 40 bits physical, 48 bits virtual
power management:

processor	: 6
vendor_id	: GenuineIntel
cpu family	: 6
model		: 42
model name	: Intel(R) Core(TM) i7-2670QM CPU @ 2.20GHz
stepping	: 7
microcode	: 0x25
cpu MHz		: 2195.139
cache size	: 6144 KB
physical id	: 3
siblings	: 2
core id		: 0
cpu cores	: 2
apicid		: 6
initial apicid	: 6
fpu		: yes
fpu_exception	: yes
cpuid level	: 13
wp		: yes
flags		: fpu vme de pse tsc msr pae mce cx8 apic sep mtrr pge mca cmov pat pse36 clflush dts acpi mmx fxsr sse sse2 ss ht syscall nx rdtscp lm constant_tsc arch_perfmon pebs bts nopl xtopology tsc_reliable nonstop_tsc aperfmperf eagerfpu pni pclmulqdq vmx ssse3 cx16 sse4_1 sse4_2 popcnt aes xsave avx hypervisor lahf_lm ida arat epb xsaveopt pln pts dtherm tpr_shadow vnmi ept vpid
bogomips	: 4390.27
clflush size	: 64
cache_alignment	: 64
address sizes	: 40 bits physical, 48 bits virtual
power management:

processor	: 7
vendor_id	: GenuineIntel
cpu family	: 6
model		: 42
model name	: Intel(R) Core(TM) i7-2670QM CPU @ 2.20GHz
stepping	: 7
microcode	: 0x25
cpu MHz		: 2195.139
cache size	: 6144 KB
physical id	: 3
siblings	: 2
core id		: 1
cpu cores	: 2
apicid		: 7
initial apicid	: 7
fpu		: yes
fpu_exception	: yes
cpuid level	: 13
wp		: yes
flags		: fpu vme de pse tsc msr pae mce cx8 apic sep mtrr pge mca cmov pat pse36 clflush dts acpi mmx fxsr sse sse2 ss ht syscall nx rdtscp lm constant_tsc arch_perfmon pebs bts nopl xtopology tsc_reliable nonstop_tsc aperfmperf eagerfpu pni pclmulqdq vmx ssse3 cx16 sse4_1 sse4_2 popcnt aes xsave avx hypervisor lahf_lm ida arat epb xsaveopt pln pts dtherm tpr_shadow vnmi ept vpid
bogomips	: 4390.27
clflush size	: 64
cache_alignment	: 64
address sizes	: 40 bits physical, 48 bits virtual
power management:



Memory: 4k page, physical 4338844k(305780k free), swap 0k(0k free)

vm_info: Java HotSpot(TM) 64-Bit Server VM (24.0-b56) for linux-amd64 JRE (1.7.0_40-b43), built on Aug 26 2013 23:53:33 by "java_re" with gcc 4.3.0 20080428 (Red Hat 4.3.0-8)

time: Tue Sep 24 21:38:35 2013
elapsed time: 0 seconds

